<?xml version="1.0" encoding="UTF-8"?>
<!-- Generated by org.testng.reporters.JUnitReportReporter -->
<testsuite hostname="LAPTOP-R247ETOJ" failures="0" tests="1" name="Browsers_resolution.chromeBrowser" time="0.682" errors="0" timestamp="2024-03-12T17:38:17 IST" skipped="0">
  <testcase classname="Browsers_resolution.chromeBrowser" name="Screenshotss" time="0.682"/>
  <system-out/>
</testsuite> <!-- Browsers_resolution.chromeBrowser -->
