<?xml version="1.0" encoding="UTF-8"?>
<!-- Generated by org.testng.reporters.JUnitReportReporter -->
<testsuite hostname="LAPTOP-R247ETOJ" failures="0" tests="1" name="Browsers_resolution.firefoxBrowser" time="3.170" errors="0" timestamp="2024-03-12T17:40:11 IST" skipped="0">
  <testcase classname="Browsers_resolution.firefoxBrowser" name="Screenshotss" time="3.170"/>
  <system-out/>
</testsuite> <!-- Browsers_resolution.firefoxBrowser -->
