<?xml version="1.0" encoding="UTF-8"?>
<!-- Generated by org.testng.reporters.JUnitReportReporter -->
<testsuite hostname="LAPTOP-R247ETOJ" failures="0" tests="2" name="dealsDray.BulkOrders" time="11.846" errors="0" timestamp="2024-03-12T17:28:11 IST" skipped="0">
  <testcase classname="dealsDray.BulkOrders" name="login" time="0.501"/>
  <system-out/>
  <testcase classname="dealsDray.BulkOrders" name="orders" time="11.345"/>
  <system-out/>
</testsuite> <!-- dealsDray.BulkOrders -->
